     1                                  bits 32 ; assembling for the 32 bits architecture
     2                                  
     3                                  ; declare the EntryPoint (a label defining the very first instruction of the program)
     4                                  global start        
     5                                  
     6                                  ; declare external functions needed by our program
     7                                  extern exit               ; tell nasm that exit exists even if we won't be defining it
     8                                  import exit msvcrt.dll    ; exit is a function that ends the calling process. It is defined in msvcrt.dll
     9                                                            ; msvcrt.dll contains exit, printf and all the other important C-runtime specific functions
    10                                  
    11                                  ; our data is declared here (the variables needed by our program)
    12                                  segment data use32 class=data
    13                                      ; ...
    14                                      
    15 00000000 01030507                    S1 db 1,3,5,7
    16                                      len1 equ $ - S1
    17 00000004 02060904                    S2 db 2,6,9,4
    18                                      len2 equ $ - S2
    19                                      
    20 00000008 <res 00000008>              D resb len1 + len2
    21                                  
    22                                  ; our code starts here
    23                                  segment code use32 class=code
    24                                      start:
    25                                          ; ...
    26                                          
    27 00000000 FC                              cld
    28                                                               
    29 00000001 B904000000                      mov ecx, len1
    30                                          
    31 00000006 BE[00000000]                    mov esi, S1 ; ESI pointeaza la inceputul S1
    32 0000000B BB[04000000]                    mov ebx, S2 ; EBX pointeaza la inceputul S2
    33 00000010 BF[08000000]                    mov edi, D  ; EDI pointeaza la inceputul D
    34                                          
    35                                          for_loop:
    36 00000015 8A06                                mov al, [esi] ; al = s1[i]
    37 00000017 8807                                mov [edi], al ; il pun in D
    38 00000019 46                                  inc esi
    39 0000001A 47                                  inc edi
    40                                              
    41 0000001B 8A03                                mov al, [ebx] ; al = s2[i]
    42 0000001D 8807                                mov [edi], al ; il pun in D
    43 0000001F 43                                  inc ebx
    44 00000020 47                                  inc edi
    45                                  
    46 00000021 E2F2                                loop for_loop
    47                                   
    48                                      
    49                                          ; exit(0)
    50 00000023 6A00                            push    dword 0      ; push the parameter for exit onto the stack
    51 00000025 FF15[00000000]                  call    [exit]       ; call exit to terminate the program
