     1                                  bits 32 ; assembling for the 32 bits architecture
     2                                  
     3                                  ; declare the EntryPoint (a label defining the very first instruction of the program)
     4                                  global start        
     5                                  
     6                                  ; declare external functions needed by our program
     7                                  extern exit               ; tell nasm that exit exists even if we won't be defining it
     8                                  import exit msvcrt.dll    ; exit is a function that ends the calling process. It is defined in msvcrt.dll
     9                                                            ; msvcrt.dll contains exit, printf and all the other important C-runtime specific functions
    10                                  
    11                                  ; our data is declared here (the variables needed by our program)
    12                                  segment data use32 class=data
    13                                      ; ...
    14 00000000 01020304                    S1 db 1,2,3,4
    15                                      len1 equ $ - S1
    16 00000004 05060708                    S2 db 5,6,7,8
    17 00000008 <res 00000004>              D resb len1
    18                                  
    19                                  ; our code starts here
    20                                  segment code use32 class=code
    21                                      start:
    22                                          ; ...
    23                                          
    24 00000000 FC                              cld
    25                                                               
    26 00000001 B904000000                      mov ecx, len1
    27                                          
    28 00000006 BE[00000000]                    mov esi, S1 ; ESI pointeaza la inceputul S1
    29 0000000B BB[04000000]                    mov ebx, S2 ; EBX pointeaza la inceputul S2
    30 00000010 BF[08000000]                    mov edi, D  ; EDI pointeaza la inceputul D
    31                                          
    32                                          for_loop:
    33 00000015 8A06                                mov al, [esi] ; al = s1[i]
    34 00000017 8807                                mov [edi], al ; il pun in D
    35 00000019 46                                  inc esi
    36                                              
    37 0000001A 8A03                                mov al, [ebx] ; al = s2[i]
    38 0000001C 2807                                sub [edi], al ; scad din [edi] care ii val anterioara din [edi] (s1[i]) val din s2[i])
    39 0000001E 43                                  inc ebx
    40 0000001F 47                                  inc edi
    41                                  
    42 00000020 E2F3                                loop for_loop
    43                                      
    44                                          ; exit(0)
    45 00000022 6A00                            push    dword 0      ; push the parameter for exit onto the stack
    46 00000024 FF15[00000000]                  call    [exit]       ; call exit to terminate the program
