     1                                  bits 32 ; assembling for the 32 bits architecture
     2                                  
     3                                  ; declare the EntryPoint (a label defining the very first instruction of the program)
     4                                  global start        
     5                                  
     6                                  ; declare external functions needed by our program
     7                                  extern exit               ; tell nasm that exit exists even if we won't be defining it
     8                                  import exit msvcrt.dll    ; exit is a function that ends the calling process. It is defined in msvcrt.dll
     9                                                            ; msvcrt.dll contains exit, printf and all the other important C-runtime specific functions
    10                                  
    11                                  ; our data is declared here (the variables needed by our program)
    12                                  segment data use32 class=data
    13                                      ; ...
    14 00000000 B4                          a db 180
    15 00000001 19                          b db 25
    16 00000002 3801                        e dw 312
    17                                  ;2*(a+b)-e    
    18                                      
    19                                  ; our code starts here
    20                                  segment code use32 class=code
    21                                      start:
    22                                          ; ...
    23 00000000 A0[00000000]                    mov al, [a]
    24 00000005 0205[01000000]                  add al, [b]
    25 0000000B B400                            mov ah,0
    26 0000000D B302                            mov bl,2
    27 0000000F F6E3                            mul bl
    28 00000011 662B05[02000000]                sub ax,[e]
    29                                          ; exit(0)
    30 00000018 6A00                            push    dword 0      ; push the parameter for exit onto the stack
    31 0000001A FF15[00000000]                  call    [exit]       ; call exit to terminate the program
