     1                                  bits 32 ; assembling for the 32 bits architecture
     2                                  
     3                                  ; declare the EntryPoint (a label defining the very first instruction of the program)
     4                                  global start        
     5                                  
     6                                  ; declare external functions needed by our program
     7                                  extern exit               ; tell nasm that exit exists even if we won't be defining it
     8                                  import exit msvcrt.dll    ; exit is a function that ends the calling process. It is defined in msvcrt.dll
     9                                                            ; msvcrt.dll contains exit, printf and all the other important C-runtime specific functions
    10                                  
    11                                  ; our data is declared here (the variables needed by our program)
    12                                  ;  a-doubleword; b-byte; c-word; x-qword cu semn
    13                                  segment data use32 class=data
    14                                      ; ...
    15                                      
    16 00000000 69000000                    a dd 105
    17 00000004 03                          b db 3
    18 00000005 2300                        c dw 35
    19 00000007 0F00000000000000            x dq 15
    20                                  
    21                                  ;(a+b/c-1)/(b+2)-x;
    22                                  ; our code starts here
    23                                  segment code use32 class=code
    24                                      start:
    25                                          ; ...
    26                                          
    27 00000000 660FBE05[04000000]              movsx ax, byte [b]
    28 00000008 6699                            cwd
    29                                          
    30 0000000A 668B1D[05000000]                mov bx, [c]
    31                                          
    32 00000011 66F7FB                          idiv bx ; ax = b/c
    33                                          
    34 00000014 98                              cwde
    35                                          
    36 00000015 8B1D[00000000]                  mov ebx, [a]
    37                                          
    38 0000001B 01D8                            add eax, ebx ; eax = (a+ b/c)
    39                                          
    40 0000001D BB01000000                      mov ebx, 1
    41                                          
    42 00000022 29D8                            sub eax, ebx ; eax = ( a + b / c - 1)
    43                                          
    44 00000024 BA00000000                      mov edx, 0
    45                                          
    46 00000029 52                              push edx 
    47 0000002A 50                              push eax ; stack = [eax, edx]
    48                                          
    49 0000002B 0FB605[04000000]                movzx eax, byte [b]
    50                                          
    51 00000032 BB02000000                      mov ebx, 2
    52                                          
    53 00000037 01D8                            add eax, ebx ; eax = (b+2)
    54                                  
    55 00000039 89C3                            mov ebx, eax
    56                                          
    57 0000003B 58                              pop eax
    58 0000003C 5A                              pop edx 
    59                                          
    60 0000003D F7F3                            div ebx ; eax = (a+b/c-1)/(b+2)
    61                                          
    62 0000003F BA00000000                      mov edx, 0
    63                                          
    64 00000044 8B1D[07000000]                  mov ebx, dword [x]
    65 0000004A 8B0D[0B000000]                  mov ecx, dword [x+4]
    66                                          
    67 00000050 29D8                            sub eax, ebx
    68 00000052 19CA                            sbb edx, ecx
    69                                          
    70                                          ; exit(0)
    71 00000054 6A00                            push    dword 0      ; push the parameter for exit onto the stack
    72 00000056 FF15[00000000]                  call    [exit]       ; call exit to terminate the program
